Traceback (most recent call last):
  File "/Users/uec/code/mambaforge/lib/python3.10/site-packages/jupyter_cache/executors/utils.py", line 58, in single_nb_execution
    executenb(
  File "/Users/uec/code/mambaforge/lib/python3.10/site-packages/nbclient/client.py", line 1305, in execute
    return NotebookClient(nb=nb, resources=resources, km=km, **kwargs).execute()
  File "/Users/uec/code/mambaforge/lib/python3.10/site-packages/jupyter_core/utils/__init__.py", line 166, in wrapped
    return loop.run_until_complete(inner)
  File "/Users/uec/code/mambaforge/lib/python3.10/asyncio/base_events.py", line 649, in run_until_complete
    return future.result()
  File "/Users/uec/code/mambaforge/lib/python3.10/site-packages/nbclient/client.py", line 705, in async_execute
    await self.async_execute_cell(
  File "/Users/uec/code/mambaforge/lib/python3.10/site-packages/nbclient/client.py", line 1058, in async_execute_cell
    await self._check_raise_for_error(cell, cell_index, exec_reply)
  File "/Users/uec/code/mambaforge/lib/python3.10/site-packages/nbclient/client.py", line 914, in _check_raise_for_error
    raise CellExecutionError.from_cell_and_msg(cell, exec_reply_content)
nbclient.exceptions.CellExecutionError: An error occurred while executing the following cell:
------------------
# original paper units: saturated limited run
n_liq = rho / M; print "molar density = ", n_liq

# convert conductivity to permeability
k_sat = 6.94e-4  # m / min
rainfall_rate = 3.3e-4 # m / min
alpha = 1.0 # 1 / cm
Ss = 5.e-4 # 1 / m
n_mann = 3.31e-3 # m^-1/3 min

# ats units
K = k_sat / min_s * visc / (g * rho); print "K = ", K
Pr = rainfall_rate / min_s; print "Pr = ", Pr
alp = alpha * 100 / (rho * g); print "alpha = ", alp
Sstore = Ss / (rho * g); print "compressibility = ", Sstore
n_m = n_mann * 60; print "manning coeff = ", n_m

------------------


[0;36m  Cell [0;32mIn[2], line 2[0;36m[0m
[0;31m    n_liq = rho / M; print "molar density = ", n_liq[0m
[0m                     ^[0m
[0;31mSyntaxError[0m[0;31m:[0m Missing parentheses in call to 'print'. Did you mean print(...)?


